Version:	3.12
CmdLine:	C:\Users\endwi\Desktop\konamia\Launcher\build\libs\Konamia Launcher.exe --l4j-debug
WOW64:		yes
Working dir:	C:\Users\endwi\Desktop\konamia\Launcher\build\libs\.
Java min ver:	1.008.000
Java max ver:	
64-bit search:	SOFTWARE\JavaSoft\Java Runtime Environment...
Check:		SOFTWARE\JavaSoft\Java Runtime Environment\1.8
Check launcher:	C:\Program Files\Java\jre1.8.0_251\bin\javaw.exe (OK)
Match:		1.008.000
Check:		SOFTWARE\JavaSoft\Java Runtime Environment\1.8.0_251
Check launcher:	C:\Program Files\Java\jre1.8.0_251\bin\javaw.exe (OK)
Match:		1.008.000_251
64-bit search:	SOFTWARE\JavaSoft\Java Development Kit...
Check:		SOFTWARE\JavaSoft\Java Development Kit\1.8
Ignore:		1.008.000
Check:		SOFTWARE\JavaSoft\Java Development Kit\1.8.0_251
Ignore:		1.008.000_251
64-bit search:	SOFTWARE\JavaSoft\JRE...
64-bit search:	SOFTWARE\JavaSoft\JDK...
Runtime used:	1.008.000_251 (64-bit)
Launcher:	C:\Program Files\Java\jre1.8.0_251\bin\javaw.exe
Launcher args:	-jar "C:\Users\endwi\Desktop\konamia\Launcher\build\libs\Konamia Launcher.exe"
Args length:	78/32768 chars
Exit code:	0


Version:	3.12
CmdLine:	C:\Users\endwi\Desktop\konamia\Launcher\build\libs\Konamia-Launcher-snapshot0.0.2.exe --l4j-debug
WOW64:		yes
Working dir:	C:\Users\endwi\Desktop\konamia\Launcher\build\libs\.
Java min ver:	1.008.000
Java max ver:	
64-bit search:	SOFTWARE\JavaSoft\Java Runtime Environment...
Check:		SOFTWARE\JavaSoft\Java Runtime Environment\1.8
Check launcher:	C:\Program Files\Java\jre1.8.0_261\bin\javaw.exe (OK)
Match:		1.008.000
Check:		SOFTWARE\JavaSoft\Java Runtime Environment\1.8.0_261
Check launcher:	C:\Program Files\Java\jre1.8.0_261\bin\javaw.exe (OK)
Match:		1.008.000_261
64-bit search:	SOFTWARE\JavaSoft\Java Development Kit...
Check:		SOFTWARE\JavaSoft\Java Development Kit\1.8
Ignore:		1.008.000
Check:		SOFTWARE\JavaSoft\Java Development Kit\1.8.0_251
Ignore:		1.008.000_251
64-bit search:	SOFTWARE\JavaSoft\JRE...
64-bit search:	SOFTWARE\JavaSoft\JDK...
Runtime used:	1.008.000_261 (64-bit)
Launcher:	C:\Program Files\Java\jre1.8.0_261\bin\javaw.exe
Launcher args:	-jar "C:\Users\endwi\Desktop\konamia\Launcher\build\libs\Konamia-Launcher-snapshot0.0.2.exe"
Args length:	92/32768 chars
Exit code:	0


Version:	3.12
CmdLine:	C:\Users\endwi\Desktop\konamia\Launcher\build\libs\Konamia-Launcher-snapshot0.0.2.exe --l4j-debug
WOW64:		yes
Working dir:	C:\Users\endwi\Desktop\konamia\Launcher\build\libs\.
Java min ver:	1.008.000
Java max ver:	
64-bit search:	SOFTWARE\JavaSoft\Java Runtime Environment...
Check:		SOFTWARE\JavaSoft\Java Runtime Environment\1.8
Check launcher:	C:\Program Files\Java\jre1.8.0_261\bin\javaw.exe (OK)
Match:		1.008.000
Check:		SOFTWARE\JavaSoft\Java Runtime Environment\1.8.0_261
Check launcher:	C:\Program Files\Java\jre1.8.0_261\bin\javaw.exe (OK)
Match:		1.008.000_261
64-bit search:	SOFTWARE\JavaSoft\Java Development Kit...
Check:		SOFTWARE\JavaSoft\Java Development Kit\1.8
Ignore:		1.008.000
Check:		SOFTWARE\JavaSoft\Java Development Kit\1.8.0_251
Ignore:		1.008.000_251
64-bit search:	SOFTWARE\JavaSoft\JRE...
64-bit search:	SOFTWARE\JavaSoft\JDK...
Runtime used:	1.008.000_261 (64-bit)
Launcher:	C:\Program Files\Java\jre1.8.0_261\bin\javaw.exe
Launcher args:	-jar "C:\Users\endwi\Desktop\konamia\Launcher\build\libs\Konamia-Launcher-snapshot0.0.2.exe"
Args length:	92/32768 chars
Exit code:	0


Version:	3.12
CmdLine:	C:\Users\endwi\Desktop\konamia\Launcher\build\libs\Konamia-Launcher-snapshot0.0.2.exe --l4j-debug
WOW64:		yes
Working dir:	C:\Users\endwi\Desktop\konamia\Launcher\build\libs\.
Java min ver:	1.008.000
Java max ver:	
64-bit search:	SOFTWARE\JavaSoft\Java Runtime Environment...
Check:		SOFTWARE\JavaSoft\Java Runtime Environment\1.8
Check launcher:	C:\Program Files\Java\jre1.8.0_261\bin\javaw.exe (OK)
Match:		1.008.000
Check:		SOFTWARE\JavaSoft\Java Runtime Environment\1.8.0_261
Check launcher:	C:\Program Files\Java\jre1.8.0_261\bin\javaw.exe (OK)
Match:		1.008.000_261
64-bit search:	SOFTWARE\JavaSoft\Java Development Kit...
Check:		SOFTWARE\JavaSoft\Java Development Kit\1.8
Ignore:		1.008.000
Check:		SOFTWARE\JavaSoft\Java Development Kit\1.8.0_251
Ignore:		1.008.000_251
64-bit search:	SOFTWARE\JavaSoft\JRE...
64-bit search:	SOFTWARE\JavaSoft\JDK...
Runtime used:	1.008.000_261 (64-bit)
Launcher:	C:\Program Files\Java\jre1.8.0_261\bin\javaw.exe
Launcher args:	-jar "C:\Users\endwi\Desktop\konamia\Launcher\build\libs\Konamia-Launcher-snapshot0.0.2.exe"
Args length:	92/32768 chars
Exit code:	0


Version:	3.12
CmdLine:	C:\Users\endwi\Desktop\konamia\Launcher\build\libs\Konamia-Launcher-snapshot0.0.3.exe --l4j-debug
WOW64:		yes
Working dir:	C:\Users\endwi\Desktop\konamia\Launcher\build\libs\.
Java min ver:	1.008.000
Java max ver:	
64-bit search:	SOFTWARE\JavaSoft\Java Runtime Environment...
Check:		SOFTWARE\JavaSoft\Java Runtime Environment\1.8
Check launcher:	C:\Program Files\Java\jre1.8.0_261\bin\javaw.exe (OK)
Match:		1.008.000
Check:		SOFTWARE\JavaSoft\Java Runtime Environment\1.8.0_261
Check launcher:	C:\Program Files\Java\jre1.8.0_261\bin\javaw.exe (OK)
Match:		1.008.000_261
64-bit search:	SOFTWARE\JavaSoft\Java Development Kit...
Check:		SOFTWARE\JavaSoft\Java Development Kit\1.8
Ignore:		1.008.000
Check:		SOFTWARE\JavaSoft\Java Development Kit\1.8.0_251
Ignore:		1.008.000_251
64-bit search:	SOFTWARE\JavaSoft\JRE...
64-bit search:	SOFTWARE\JavaSoft\JDK...
Runtime used:	1.008.000_261 (64-bit)
Launcher:	C:\Program Files\Java\jre1.8.0_261\bin\javaw.exe
Launcher args:	-jar "C:\Users\endwi\Desktop\konamia\Launcher\build\libs\Konamia-Launcher-snapshot0.0.3.exe"
Args length:	92/32768 chars
Exit code:	0


Version:	3.12
CmdLine:	C:\Users\endwi\Desktop\konamia\Launcher\build\libs\Konamia-Launcher-snapshot0.0.3.exe --l4j-debug
WOW64:		yes
Working dir:	C:\Users\endwi\Desktop\konamia\Launcher\build\libs\.
Java min ver:	1.008.000
Java max ver:	
64-bit search:	SOFTWARE\JavaSoft\Java Runtime Environment...
Check:		SOFTWARE\JavaSoft\Java Runtime Environment\1.8
Check launcher:	C:\Program Files\Java\jre1.8.0_261\bin\javaw.exe (OK)
Match:		1.008.000
Check:		SOFTWARE\JavaSoft\Java Runtime Environment\1.8.0_261
Check launcher:	C:\Program Files\Java\jre1.8.0_261\bin\javaw.exe (OK)
Match:		1.008.000_261
64-bit search:	SOFTWARE\JavaSoft\Java Development Kit...
Check:		SOFTWARE\JavaSoft\Java Development Kit\1.8
Ignore:		1.008.000
Check:		SOFTWARE\JavaSoft\Java Development Kit\1.8.0_251
Ignore:		1.008.000_251
64-bit search:	SOFTWARE\JavaSoft\JRE...
64-bit search:	SOFTWARE\JavaSoft\JDK...
Runtime used:	1.008.000_261 (64-bit)
Launcher:	C:\Program Files\Java\jre1.8.0_261\bin\javaw.exe
Launcher args:	-jar "C:\Users\endwi\Desktop\konamia\Launcher\build\libs\Konamia-Launcher-snapshot0.0.3.exe"
Args length:	92/32768 chars
Exit code:	0


Version:	3.12
CmdLine:	C:\Users\endwi\Desktop\konamia\Launcher\build\libs\Konamia-Launcher-snapshot0.0.4.exe --l4j-debug
WOW64:		yes
Working dir:	C:\Users\endwi\Desktop\konamia\Launcher\build\libs\.
Java min ver:	1.008.000
Java max ver:	
64-bit search:	SOFTWARE\JavaSoft\Java Runtime Environment...
Check:		SOFTWARE\JavaSoft\Java Runtime Environment\1.8
Check launcher:	C:\Program Files\Java\jre1.8.0_261\bin\javaw.exe (OK)
Match:		1.008.000
Check:		SOFTWARE\JavaSoft\Java Runtime Environment\1.8.0_261
Check launcher:	C:\Program Files\Java\jre1.8.0_261\bin\javaw.exe (OK)
Match:		1.008.000_261
64-bit search:	SOFTWARE\JavaSoft\Java Development Kit...
Check:		SOFTWARE\JavaSoft\Java Development Kit\1.8
Ignore:		1.008.000
Check:		SOFTWARE\JavaSoft\Java Development Kit\1.8.0_251
Ignore:		1.008.000_251
64-bit search:	SOFTWARE\JavaSoft\JRE...
64-bit search:	SOFTWARE\JavaSoft\JDK...
Runtime used:	1.008.000_261 (64-bit)
Launcher:	C:\Program Files\Java\jre1.8.0_261\bin\javaw.exe
Launcher args:	-jar "C:\Users\endwi\Desktop\konamia\Launcher\build\libs\Konamia-Launcher-snapshot0.0.4.exe"
Args length:	92/32768 chars
Exit code:	0


Version:	3.12
CmdLine:	C:\Users\endwi\Desktop\konamia\Launcher\build\libs\Konamia-Launcher-snapshot0.0.5.exe --l4j-debug
WOW64:		yes
Working dir:	C:\Users\endwi\Desktop\konamia\Launcher\build\libs\.
Java min ver:	1.008.000
Java max ver:	
64-bit search:	SOFTWARE\JavaSoft\Java Runtime Environment...
Check:		SOFTWARE\JavaSoft\Java Runtime Environment\1.8
Check launcher:	C:\Program Files\Java\jre1.8.0_261\bin\javaw.exe (OK)
Match:		1.008.000
Check:		SOFTWARE\JavaSoft\Java Runtime Environment\1.8.0_261
Check launcher:	C:\Program Files\Java\jre1.8.0_261\bin\javaw.exe (OK)
Match:		1.008.000_261
64-bit search:	SOFTWARE\JavaSoft\Java Development Kit...
Check:		SOFTWARE\JavaSoft\Java Development Kit\1.8
Ignore:		1.008.000
Check:		SOFTWARE\JavaSoft\Java Development Kit\1.8.0_251
Ignore:		1.008.000_251
64-bit search:	SOFTWARE\JavaSoft\JRE...
64-bit search:	SOFTWARE\JavaSoft\JDK...
Runtime used:	1.008.000_261 (64-bit)
Launcher:	C:\Program Files\Java\jre1.8.0_261\bin\javaw.exe
Launcher args:	-jar "C:\Users\endwi\Desktop\konamia\Launcher\build\libs\Konamia-Launcher-snapshot0.0.5.exe"
Args length:	92/32768 chars
Exit code:	0


Version:	3.12
CmdLine:	C:\Users\endwi\Desktop\konamia\Launcher\build\libs\Konamia-Launcher-snapshot0.1.1.exe --l4j-debug
WOW64:		yes
Working dir:	C:\Users\endwi\Desktop\konamia\Launcher\build\libs\.
Java min ver:	1.008.000
Java max ver:	
64-bit search:	SOFTWARE\JavaSoft\Java Runtime Environment...
Check:		SOFTWARE\JavaSoft\Java Runtime Environment\1.8
Check launcher:	C:\Program Files\Java\jre1.8.0_261\bin\javaw.exe (OK)
Match:		1.008.000
Check:		SOFTWARE\JavaSoft\Java Runtime Environment\1.8.0_261
Check launcher:	C:\Program Files\Java\jre1.8.0_261\bin\javaw.exe (OK)
Match:		1.008.000_261
64-bit search:	SOFTWARE\JavaSoft\Java Development Kit...
Check:		SOFTWARE\JavaSoft\Java Development Kit\1.8
Ignore:		1.008.000
Check:		SOFTWARE\JavaSoft\Java Development Kit\1.8.0_251
Ignore:		1.008.000_251
64-bit search:	SOFTWARE\JavaSoft\JRE...
64-bit search:	SOFTWARE\JavaSoft\JDK...
Runtime used:	1.008.000_261 (64-bit)
Launcher:	C:\Program Files\Java\jre1.8.0_261\bin\javaw.exe
Launcher args:	-jar "C:\Users\endwi\Desktop\konamia\Launcher\build\libs\Konamia-Launcher-snapshot0.1.1.exe"
Args length:	92/32768 chars
Exit code:	0
